<?xml version="1.0" encoding="UTF-8"?>
<!-- Generated by org.testng.reporters.JUnitReportReporter -->
<testsuite skipped="0" hostname="Rahul-Dell-PC" name="com.Ecommerce.website.TestClasses.SavedOrder" tests="1" failures="0" timestamp="05 Jun 2020 22:48:28 GMT" time="47.033" errors="0">
  <testcase name="orderFromCart" time="47.033" classname="com.Ecommerce.website.TestClasses.SavedOrder"/>
</testsuite> <!-- com.Ecommerce.website.TestClasses.SavedOrder -->
