<?xml version="1.0" encoding="UTF-8"?>
<!-- Generated by org.testng.reporters.JUnitReportReporter -->
<testsuite skipped="0" hostname="Rahul-Dell-PC" name="com.Ecommerce.website.TestClasses.HomePage" tests="1" failures="0" timestamp="02 Jun 2020 01:14:54 GMT" time="10.965" errors="0">
  <testcase name="getHomePage" time="10.965" classname="com.Ecommerce.website.TestClasses.HomePage"/>
</testsuite> <!-- com.Ecommerce.website.TestClasses.HomePage -->
