<?xml version="1.0" encoding="UTF-8"?>
<!-- Generated by org.testng.reporters.JUnitReportReporter -->
<testsuite skipped="0" hostname="Rahul-Dell-PC" name="com.Ecommerce.website.TestClasses.CompareProdAndCheckOutAccount" tests="1" failures="0" timestamp="05 Jun 2020 21:54:09 GMT" time="45.631" errors="0">
  <testcase name="compareProductsWithAccount" time="45.631" classname="com.Ecommerce.website.TestClasses.CompareProdAndCheckOutAccount"/>
</testsuite> <!-- com.Ecommerce.website.TestClasses.CompareProdAndCheckOutAccount -->
